<?xml version="1.0" encoding="UTF-8"?>
<!-- Generated by org.testng.reporters.JUnitXMLReporter -->
<testsuite hostname="yifeis-mbp.genpt.net" ignored="0" name="Test" tests="1" failures="0" timestamp="23 Oct 2018 18:14:21 GMT" time="0.089" errors="0">
  <testcase name="@BeforeClass setUP" time="0.067" classname="org.cucumber.tests.OpenMRSTests">
    <failure type="java.lang.IllegalStateException" message="The driver executable does not exist: /Users/a419449/eclipse-workspace_poa/Selenium.maven.demo/chromedriver.exe">
      <![CDATA[java.lang.IllegalStateException: The driver executable does not exist: /Users/a419449/eclipse-workspace_poa/Selenium.maven.demo/chromedriver.exe
at com.google.common.base.Preconditions.checkState(Preconditions.java:585)
at org.openqa.selenium.remote.service.DriverService.checkExecutable(DriverService.java:137)
at org.openqa.selenium.remote.service.DriverService.findExecutable(DriverService.java:132)
at org.openqa.selenium.chrome.ChromeDriverService.access$000(ChromeDriverService.java:35)
at org.openqa.selenium.chrome.ChromeDriverService$Builder.findDefaultExecutable(ChromeDriverService.java:156)
at org.openqa.selenium.remote.service.DriverService$Builder.build(DriverService.java:346)
at org.openqa.selenium.chrome.ChromeDriverService.createDefaultService(ChromeDriverService.java:91)
at org.openqa.selenium.chrome.ChromeDriver.<init>(ChromeDriver.java:123)
at org.cucumber.tests.OpenMRSTests.setUP(OpenMRSTests.java:32)
... Removed 26 stack frames]]>
    </failure>
  </testcase> <!-- @BeforeClass setUP -->
  <testcase name="@AfterClass tearDown" time="0.0" classname="org.cucumber.tests.OpenMRSTests">
    <skipped/>
  </testcase> <!-- @AfterClass tearDown -->
  <testcase name="login" time="0.0" classname="org.cucumber.tests.OpenMRSTests">
    <skipped/>
  </testcase> <!-- login -->
</testsuite> <!-- Test -->
